[debug] [2023-04-27T12:45:16.572Z] ----------------------------------------------------------------------
[debug] [2023-04-27T12:45:16.574Z] Command:       C:\Program Files\nodejs\node.exe C:\Users\yohan\AppData\Roaming\npm\node_modules\firebase-tools\lib\bin\firebase.js deploy
[debug] [2023-04-27T12:45:16.574Z] CLI Version:   11.24.1
[debug] [2023-04-27T12:45:16.574Z] Platform:      win32
[debug] [2023-04-27T12:45:16.574Z] Node Version:  v18.12.1
[debug] [2023-04-27T12:45:16.628Z] Time:          Thu Apr 27 2023 18:15:16 GMT+0530 (India Standard Time)
[debug] [2023-04-27T12:45:16.628Z] ----------------------------------------------------------------------
[debug] 
[debug] [2023-04-27T12:45:16.730Z] > command requires scopes: ["email","openid","https://www.googleapis.com/auth/cloudplatformprojects.readonly","https://www.googleapis.com/auth/firebase","https://www.googleapis.com/auth/cloud-platform"]
[debug] [2023-04-27T12:45:16.730Z] > authorizing via signed-in user (yohan99ysk@gmail.com)
[debug] [2023-04-27T12:45:16.730Z] [iam] checking project chatty-b830d for permissions ["datastore.indexes.create","datastore.indexes.delete","datastore.indexes.list","datastore.indexes.update","firebase.projects.get","firebasehosting.sites.update"]
[debug] [2023-04-27T12:45:16.732Z] > refreshing access token with scopes: []
[debug] [2023-04-27T12:45:16.734Z] >>> [apiv2][query] POST https://www.googleapis.com/oauth2/v3/token [none]
[debug] [2023-04-27T12:45:16.734Z] >>> [apiv2][body] POST https://www.googleapis.com/oauth2/v3/token [omitted]
[debug] [2023-04-27T12:45:17.457Z] <<< [apiv2][status] POST https://www.googleapis.com/oauth2/v3/token 200
[debug] [2023-04-27T12:45:17.457Z] <<< [apiv2][body] POST https://www.googleapis.com/oauth2/v3/token [omitted]
[debug] [2023-04-27T12:45:17.703Z] >>> [apiv2][query] POST https://cloudresourcemanager.googleapis.com/v1/projects/chatty-b830d:testIamPermissions [none]
[debug] [2023-04-27T12:45:17.703Z] >>> [apiv2][(partial)header] POST https://cloudresourcemanager.googleapis.com/v1/projects/chatty-b830d:testIamPermissions x-goog-quota-user=projects/chatty-b830d
[debug] [2023-04-27T12:45:17.704Z] >>> [apiv2][body] POST https://cloudresourcemanager.googleapis.com/v1/projects/chatty-b830d:testIamPermissions {"permissions":["datastore.indexes.create","datastore.indexes.delete","datastore.indexes.list","datastore.indexes.update","firebase.projects.get","firebasehosting.sites.update"]}
[debug] [2023-04-27T12:45:18.431Z] <<< [apiv2][status] POST https://cloudresourcemanager.googleapis.com/v1/projects/chatty-b830d:testIamPermissions 200
[debug] [2023-04-27T12:45:18.431Z] <<< [apiv2][body] POST https://cloudresourcemanager.googleapis.com/v1/projects/chatty-b830d:testIamPermissions {"permissions":["datastore.indexes.create","datastore.indexes.delete","datastore.indexes.list","datastore.indexes.update","firebase.projects.get","firebasehosting.sites.update"]}
[debug] [2023-04-27T12:45:18.432Z] >>> [apiv2][query] GET https://firebase.googleapis.com/v1beta1/projects/chatty-b830d [none]
[debug] [2023-04-27T12:45:19.192Z] <<< [apiv2][status] GET https://firebase.googleapis.com/v1beta1/projects/chatty-b830d 200
[debug] [2023-04-27T12:45:19.192Z] <<< [apiv2][body] GET https://firebase.googleapis.com/v1beta1/projects/chatty-b830d {"projectId":"chatty-b830d","projectNumber":"15947628537","displayName":"Chatty","name":"projects/chatty-b830d","resources":{"hostingSite":"chatty-b830d"},"state":"ACTIVE","etag":"1_c513e2ab-4bdb-489c-bfe9-b1c8e21d7bd8"}
[info] 
[info] === Deploying to 'chatty-b830d'...
[info] 
[info] i  deploying firestore, hosting 
[info] i  firestore: reading indexes from firestore.indexes.json... 
[info] i  cloud.firestore: checking firestore.rules for compilation errors... 
[debug] [2023-04-27T12:45:19.197Z] >>> [apiv2][query] POST https://firebaserules.googleapis.com/v1/projects/chatty-b830d:test [none]
[debug] [2023-04-27T12:45:19.197Z] >>> [apiv2][body] POST https://firebaserules.googleapis.com/v1/projects/chatty-b830d:test [omitted]
[debug] [2023-04-27T12:45:21.047Z] <<< [apiv2][status] POST https://firebaserules.googleapis.com/v1/projects/chatty-b830d:test 200
[debug] [2023-04-27T12:45:21.047Z] <<< [apiv2][body] POST https://firebaserules.googleapis.com/v1/projects/chatty-b830d:test {}
[info] +  cloud.firestore: rules file firestore.rules compiled successfully 
[debug] [2023-04-27T12:45:21.050Z] >>> [apiv2][query] POST https://firebasehosting.googleapis.com/v1beta1/projects/-/sites/chatty-b830d/versions [none]
[debug] [2023-04-27T12:45:21.050Z] >>> [apiv2][body] POST https://firebasehosting.googleapis.com/v1beta1/projects/-/sites/chatty-b830d/versions {"status":"CREATED","labels":{"deployment-tool":"cli-firebase"}}
[debug] [2023-04-27T12:45:23.183Z] <<< [apiv2][status] POST https://firebasehosting.googleapis.com/v1beta1/projects/-/sites/chatty-b830d/versions 200
[debug] [2023-04-27T12:45:23.183Z] <<< [apiv2][body] POST https://firebasehosting.googleapis.com/v1beta1/projects/-/sites/chatty-b830d/versions {"name":"projects/15947628537/sites/chatty-b830d/versions/474d2e39048898e2","status":"CREATED","config":{},"labels":{"deployment-tool":"cli-firebase"}}
[debug] [2023-04-27T12:45:23.184Z] >>> [apiv2][query] GET https://firebaserules.googleapis.com/v1/projects/chatty-b830d/releases pageSize=10&pageToken=
[debug] [2023-04-27T12:45:23.186Z] >>> [apiv2][query] GET https://firestore.googleapis.com/v1/projects/chatty-b830d/databases/(default)/collectionGroups/-/indexes [none]
[debug] [2023-04-27T12:45:23.683Z] <<< [apiv2][status] GET https://firestore.googleapis.com/v1/projects/chatty-b830d/databases/(default)/collectionGroups/-/indexes 200
[debug] [2023-04-27T12:45:23.684Z] <<< [apiv2][body] GET https://firestore.googleapis.com/v1/projects/chatty-b830d/databases/(default)/collectionGroups/-/indexes {}
[debug] [2023-04-27T12:45:23.684Z] >>> [apiv2][query] GET https://firestore.googleapis.com/v1/projects/chatty-b830d/databases/(default)/collectionGroups/-/fields?filter=indexConfig.usesAncestorConfig=false OR ttlConfig:* [none]
[debug] [2023-04-27T12:45:24.103Z] <<< [apiv2][status] GET https://firestore.googleapis.com/v1/projects/chatty-b830d/databases/(default)/collectionGroups/-/fields?filter=indexConfig.usesAncestorConfig=false OR ttlConfig:* 200
[debug] [2023-04-27T12:45:24.104Z] <<< [apiv2][body] GET https://firestore.googleapis.com/v1/projects/chatty-b830d/databases/(default)/collectionGroups/-/fields?filter=indexConfig.usesAncestorConfig=false OR ttlConfig:* {"fields":[{"name":"projects/chatty-b830d/databases/(default)/collectionGroups/__default__/fields/*","indexConfig":{"indexes":[{"queryScope":"COLLECTION","fields":[{"fieldPath":"*","order":"ASCENDING"}],"state":"READY"},{"queryScope":"COLLECTION","fields":[{"fieldPath":"*","order":"DESCENDING"}],"state":"READY"},{"queryScope":"COLLECTION","fields":[{"fieldPath":"*","arrayConfig":"CONTAINS"}],"state":"READY"}]}}]}
[info] +  firestore: deployed indexes in firestore.indexes.json successfully 
[debug] [2023-04-27T12:45:24.910Z] <<< [apiv2][status] GET https://firebaserules.googleapis.com/v1/projects/chatty-b830d/releases 200
[debug] [2023-04-27T12:45:24.910Z] <<< [apiv2][body] GET https://firebaserules.googleapis.com/v1/projects/chatty-b830d/releases {"releases":[{"name":"projects/chatty-b830d/releases/cloud.firestore","rulesetName":"projects/chatty-b830d/rulesets/a5dc79c6-261d-497d-ae13-e82eb8adfd7d","createTime":"2023-04-14T15:31:25.680217Z","updateTime":"2023-04-27T10:14:54.280116Z"}]}
[debug] [2023-04-27T12:45:24.910Z] >>> [apiv2][query] GET https://firebaserules.googleapis.com/v1/projects/chatty-b830d/rulesets/a5dc79c6-261d-497d-ae13-e82eb8adfd7d [none]
[debug] [2023-04-27T12:45:26.608Z] <<< [apiv2][status] GET https://firebaserules.googleapis.com/v1/projects/chatty-b830d/rulesets/a5dc79c6-261d-497d-ae13-e82eb8adfd7d 200
[debug] [2023-04-27T12:45:26.609Z] <<< [apiv2][body] GET https://firebaserules.googleapis.com/v1/projects/chatty-b830d/rulesets/a5dc79c6-261d-497d-ae13-e82eb8adfd7d [omitted]
[info] i  firestore: latest version of firestore.rules already up to date, skipping upload... 
[info] i  hosting[chatty-b830d]: beginning deploy... 
[info] i  hosting[chatty-b830d]: found 12 files in build 
[debug] [2023-04-27T12:45:26.625Z] [hosting] uploading with 200 concurrency
[debug] [2023-04-27T12:45:27.146Z] [hosting] hash cache [YnVpbGQ] stored for 12 files
[debug] [2023-04-27T12:45:27.146Z] [hosting][hash queue][FINAL] {"max":470,"min":2,"avg":47,"active":0,"complete":12,"success":12,"errored":0,"retried":0,"total":12,"elapsed":476}
[debug] [2023-04-27T12:45:27.147Z] >>> [apiv2][query] POST https://firebasehosting.googleapis.com/v1beta1/projects/15947628537/sites/chatty-b830d/versions/474d2e39048898e2:populateFiles [none]
[debug] [2023-04-27T12:45:27.147Z] >>> [apiv2][body] POST https://firebasehosting.googleapis.com/v1beta1/projects/15947628537/sites/chatty-b830d/versions/474d2e39048898e2:populateFiles {"files":{"/favicon.ico":"eae62e993eb980ec8a25058c39d5a51feab118bd2100c4deebb2a9c158ec11f9","/logo192.png":"3ee59515172ee198f3be375979df15ac5345183e656720a381b8872b2a39dc8b","/logo512.png":"ee7e2f3fdb8209c4b6fd7bef6ba50d1b9dba30a25bb5c3126df057e1cb6f5331","/manifest.json":"aff3449bdc238776f5d6d967f19ec491b36aed5fb7f23ccff6500736fd58494a","/robots.txt":"bfe106a3fb878dc83461c86818bf74fc1bdc7f28538ba613cd3e775516ce8b49","/asset-manifest.json":"4c40e9559d25b91a91605ae26c1965ef1ee06befc2e7203015eaee89217ec024","/index.html":"02ab0e4f07c793915dbdaa7c92269620a9f51813f1f67dd61ccf3c876c7de5fb","/static/css/main.bddead11.css":"da47aaeb2a5419aff19feea18cff46c9a81bb42f041e325e584759697e28bf07","/static/js/main.fe9a2083.js.LICENSE.txt":"255d1032f4f53c86140957f2c8562ea9d7e3f8ab9e32d96291087cfa8eafd76f","/static/css/main.bddead11.css.map":"e3545b8994f992bef9ac36274723c51c14da3a4d08e6f36a735b7222f654214b","/static/js/main.fe9a2083.js":"a75dbda3c35578362d5992935c79e2e59eda17f9ffa57ce60409da9d61d76602","/static/js/main.fe9a2083.js.map":"2ce267d23bc034674d038b258fe88a0650ae8f168cedb9753dc3e891feb2e1b3"}}
[debug] [2023-04-27T12:45:28.748Z] <<< [apiv2][status] POST https://firebasehosting.googleapis.com/v1beta1/projects/15947628537/sites/chatty-b830d/versions/474d2e39048898e2:populateFiles 200
[debug] [2023-04-27T12:45:28.748Z] <<< [apiv2][body] POST https://firebasehosting.googleapis.com/v1beta1/projects/15947628537/sites/chatty-b830d/versions/474d2e39048898e2:populateFiles {"uploadRequiredHashes":["02ab0e4f07c793915dbdaa7c92269620a9f51813f1f67dd61ccf3c876c7de5fb","a75dbda3c35578362d5992935c79e2e59eda17f9ffa57ce60409da9d61d76602","2ce267d23bc034674d038b258fe88a0650ae8f168cedb9753dc3e891feb2e1b3","4c40e9559d25b91a91605ae26c1965ef1ee06befc2e7203015eaee89217ec024"],"uploadUrl":"https://upload-firebasehosting.googleapis.com/upload/sites/chatty-b830d/versions/474d2e39048898e2/files"}
[debug] [2023-04-27T12:45:28.750Z] >>> [apiv2][query] POST https://upload-firebasehosting.googleapis.com/upload/sites/chatty-b830d/versions/474d2e39048898e2/files/02ab0e4f07c793915dbdaa7c92269620a9f51813f1f67dd61ccf3c876c7de5fb [none]
[debug] [2023-04-27T12:45:28.750Z] >>> [apiv2][body] POST https://upload-firebasehosting.googleapis.com/upload/sites/chatty-b830d/versions/474d2e39048898e2/files/02ab0e4f07c793915dbdaa7c92269620a9f51813f1f67dd61ccf3c876c7de5fb [stream]
[debug] [2023-04-27T12:45:28.752Z] >>> [apiv2][query] POST https://upload-firebasehosting.googleapis.com/upload/sites/chatty-b830d/versions/474d2e39048898e2/files/a75dbda3c35578362d5992935c79e2e59eda17f9ffa57ce60409da9d61d76602 [none]
[debug] [2023-04-27T12:45:28.752Z] >>> [apiv2][body] POST https://upload-firebasehosting.googleapis.com/upload/sites/chatty-b830d/versions/474d2e39048898e2/files/a75dbda3c35578362d5992935c79e2e59eda17f9ffa57ce60409da9d61d76602 [stream]
[debug] [2023-04-27T12:45:28.753Z] >>> [apiv2][query] POST https://upload-firebasehosting.googleapis.com/upload/sites/chatty-b830d/versions/474d2e39048898e2/files/2ce267d23bc034674d038b258fe88a0650ae8f168cedb9753dc3e891feb2e1b3 [none]
[debug] [2023-04-27T12:45:28.753Z] >>> [apiv2][body] POST https://upload-firebasehosting.googleapis.com/upload/sites/chatty-b830d/versions/474d2e39048898e2/files/2ce267d23bc034674d038b258fe88a0650ae8f168cedb9753dc3e891feb2e1b3 [stream]
[debug] [2023-04-27T12:45:28.757Z] >>> [apiv2][query] POST https://upload-firebasehosting.googleapis.com/upload/sites/chatty-b830d/versions/474d2e39048898e2/files/4c40e9559d25b91a91605ae26c1965ef1ee06befc2e7203015eaee89217ec024 [none]
[debug] [2023-04-27T12:45:28.757Z] >>> [apiv2][body] POST https://upload-firebasehosting.googleapis.com/upload/sites/chatty-b830d/versions/474d2e39048898e2/files/4c40e9559d25b91a91605ae26c1965ef1ee06befc2e7203015eaee89217ec024 [stream]
[debug] [2023-04-27T12:45:28.759Z] [hosting][populate queue][FINAL] {"max":1605,"min":1605,"avg":1605,"active":0,"complete":1,"success":1,"errored":0,"retried":0,"total":1,"elapsed":1614}
[debug] [2023-04-27T12:45:28.759Z] [hosting] uploads queued: 4
